[18/02/24 00:16:06] - Connecting . . .
[18/02/24 00:17:08] - Connecting . . .
[18/02/24 00:17:11] - Method not allowed
[18/02/24 00:17:12] - Connecting . . .
[18/02/24 00:18:41] - Connecting . . .
[18/02/24 00:18:45] - Method not allowed
[18/02/24 00:18:45] - Connecting . . .
[18/02/24 00:19:21] - Connecting . . .
[18/02/24 00:19:22] - Connected, you login as Bot Shin
[18/02/24 00:20:52] - Connecting . . .
[18/02/24 00:20:52] - Connected, you login as Bot Shin
[18/02/24 00:45:01] - Connecting . . .
[18/02/24 00:45:02] - Connected, you login as Bot Shin
[18/02/24 07:22:32] - Connecting . . .
[18/02/24 07:22:33] - Connected, you login as Bot Shin
[18/02/24 09:49:02] - Connecting . . .
[18/02/24 09:49:03] - Connected, you login as Bot Shin
[18/02/24 14:09:38] - Connecting . . .
[18/02/24 14:09:39] - Connected, you login as Bot Shin
[18/02/24 14:33:22] - Connecting . . .
[18/02/24 14:33:22] - Connected, you login as Bot Shin
[18/02/24 18:10:05] - Connecting . . .
[18/02/24 18:10:05] - Connected, you login as Bot Shin
[18/02/24 19:15:18] - Connecting . . .
[18/02/24 19:15:19] - Connected, you login as Bot Shin
[18/02/24 19:51:41] - Connecting . . .
[18/02/24 19:51:42] - Connected, you login as Bot Shin
[18/02/24 14:43:37] - Connection lost, reconnecting . . .
[18/02/24 14:43:37] - Connecting . . .
[18/02/24 14:43:38] - Connected, you login as Bot Shin
[18/02/24 22:24:22] - Connecting . . .
[18/02/24 22:24:23] - Connected, you login as Bot Shin
[18/02/24 22:58:17] - Connecting . . .
[18/02/24 22:58:18] - Connected, you login as Bot Shin
[18/02/24 23:15:55] - Connecting . . .
[18/02/24 23:15:56] - Connected, you login as Bot Shin
[19/02/24 00:16:32] - Connecting . . .
[19/02/24 00:16:33] - Connected, you login as Bot Shin
[19/02/24 06:35:03] - Connection closed, reconnecting . . .
[19/02/24 06:35:03] - Connecting . . .
[19/02/24 06:35:04] - Connected, you login as Bot Shin
[19/02/24 16:28:39] - Connecting . . .
[19/02/24 16:28:40] - Connected, you login as Bot Shin
[19/02/24 16:36:28] - Connecting . . .
[19/02/24 16:36:29] - Connected, you login as Bot Shin
[19/02/24 09:54:12] - Connection lost, reconnecting . . .
[19/02/24 09:54:12] - Connecting . . .
[19/02/24 09:54:13] - Connected, you login as Bot Shin
[19/02/24 18:16:16] - Connecting . . .
[19/02/24 18:16:17] - Connected, you login as Bot Shin
[19/02/24 18:42:31] - Connecting . . .
[19/02/24 18:42:32] - Connected, you login as Bot Shin
[19/02/24 19:07:51] - Connecting . . .
[19/02/24 19:07:52] - Connected, you login as Bot Shin
[19/02/24 16:04:45] - Connection closed, reconnecting . . .
[19/02/24 16:04:45] - Connecting . . .
[19/02/24 16:04:47] - Connected, you login as Bot Shin
[19/02/24 23:22:17] - Connection closed, reconnecting . . .
[19/02/24 23:22:17] - Connecting . . .
[19/02/24 23:22:18] - Connected, you login as Bot Shin
[19/02/24 23:57:29] - Connection closed, reconnecting . . .
[19/02/24 23:57:30] - Connecting . . .
[19/02/24 23:57:31] - Connected, you login as Bot Shin
[20/02/24 02:18:32] - Connection closed, reconnecting . . .
[20/02/24 02:18:32] - Connecting . . .
[20/02/24 02:18:32] - Connected, you login as Bot Shin
[20/02/24 18:58:55] - Connecting . . .
[20/02/24 18:58:56] - Connected, you login as Bot Shin
[20/02/24 19:05:45] - Connecting . . .
[20/02/24 19:05:46] - Connected, you login as Bot Shin
[20/02/24 19:15:44] - Connecting . . .
[20/02/24 19:15:45] - Connected, you login as Bot Shin
[20/02/24 12:36:43] - Connection closed, reconnecting . . .
[20/02/24 12:36:43] - Connecting . . .
[20/02/24 12:36:44] - Connected, you login as Bot Shin
[20/02/24 14:45:25] - Connection closed, reconnecting . . .
[20/02/24 14:45:26] - Connecting . . .
[20/02/24 14:45:27] - Connected, you login as Bot Shin
[20/02/24 15:01:55] - Connection lost, reconnecting . . .
[20/02/24 15:01:55] - Connecting . . .
[20/02/24 15:01:56] - Connected, you login as Bot Shin
[20/02/24 18:33:38] - Connection closed, reconnecting . . .
[20/02/24 18:33:39] - Connecting . . .
[20/02/24 18:33:39] - Connected, you login as Bot Shin
[21/02/24 05:50:54] - Connecting . . .
[21/02/24 05:50:55] - Connected, you login as Bot Shin
[21/02/24 06:28:06] - Connection error. (Reason: 503)
[21/02/24 06:28:07] - Connecting . . .
[21/02/24 06:28:08] - Connected, you login as Bot Shin
[21/02/24 06:39:00] - Connection error. (Reason: 503)
[21/02/24 06:39:01] - Connecting . . .
[21/02/24 06:39:02] - Connected, you login as Bot Shin
[21/02/24 14:47:36] - Connecting . . .
[21/02/24 14:47:37] - Connected, you login as Bot Shin
[21/02/24 15:41:24] - Connecting . . .
[21/02/24 15:41:25] - Connected, you login as Bot Shin
[21/02/24 17:00:14] - Connecting . . .
[21/02/24 17:00:15] - Connected, you login as Bot Shin
[21/02/24 20:36:29] - Connecting . . .
[21/02/24 20:36:30] - Connected, you login as Bot Shin
[21/02/24 23:44:28] - Connecting . . .
[21/02/24 23:44:29] - Connected, you login as Bot Shin
[21/02/24 23:52:50] - Connecting . . .
[21/02/24 23:52:51] - Connected, you login as Bot Shin
[21/02/24 23:59:34] - Connecting . . .
[21/02/24 23:59:34] - Connected, you login as Bot Shin
[22/02/24 00:01:43] - Connecting . . .
[22/02/24 00:01:44] - Connected, you login as Bot Shin
[21/02/24 18:46:18] - Connection lost, reconnecting . . .
[21/02/24 18:46:19] - Connecting . . .
[21/02/24 18:46:19] - Connected, you login as Bot Shin
[21/02/24 21:22:36] - Connection closed, reconnecting . . .
[21/02/24 21:22:36] - Connecting . . .
[21/02/24 21:22:37] - Connected, you login as Bot Shin
[21/02/24 22:35:29] - Connection error. (Reason: 503)
[22/02/24 05:35:30] - Connecting . . .
[22/02/24 05:35:30] - Connected, you login as Bot Shin
[22/02/24 05:40:46] - Connection error. (Reason: 503)
[22/02/24 05:40:47] - Connecting . . .
[22/02/24 05:40:48] - Connected, you login as Bot Shin
[22/02/24 02:19:42] - Connection lost, reconnecting . . .
[22/02/24 02:19:43] - Connecting . . .
[22/02/24 02:19:44] - Connected, you login as Bot Shin
[22/02/24 02:52:40] - Connection closed, reconnecting . . .
[22/02/24 02:52:40] - Connecting . . .
[22/02/24 02:52:41] - Connected, you login as Bot Shin
[22/02/24 03:39:37] - Connection error. (Reason: 503)
[22/02/24 10:39:38] - Connecting . . .
[22/02/24 10:39:39] - Connected, you login as Bot Shin
[22/02/24 12:09:23] - Connecting . . .
[22/02/24 12:09:24] - Connected, you login as Bot Shin
[22/02/24 06:12:34] - Connection lost, reconnecting . . .
[22/02/24 06:12:34] - Connecting . . .
[22/02/24 06:12:35] - Connected, you login as Bot Shin
[22/02/24 08:00:38] - Connection lost, reconnecting . . .
[22/02/24 08:00:39] - Connecting . . .
[22/02/24 08:00:40] - Connected, you login as Bot Shin
[22/02/24 17:14:53] - Connecting . . .
[22/02/24 17:14:54] - Connected, you login as Bot Shin
[22/02/24 10:18:34] - Connection lost, reconnecting . . .
[22/02/24 10:18:34] - Connecting . . .
[22/02/24 10:18:35] - Connected, you login as Bot Shin
[22/02/24 13:32:27] - Connection closed, reconnecting . . .
[22/02/24 13:32:27] - Connecting . . .
[22/02/24 13:32:28] - Connected, you login as Bot Shin
[22/02/24 22:42:05] - Connecting . . .
[22/02/24 22:42:06] - Connected, you login as Bot Shin
[22/02/24 21:14:09] - Connection closed, reconnecting . . .
[22/02/24 21:14:09] - Connecting . . .
[22/02/24 21:14:10] - Connected, you login as Bot Shin
[22/02/24 23:43:08] - Connection error. (Reason: 503)
[23/02/24 06:43:09] - Connecting . . .
[23/02/24 06:43:10] - Connected, you login as Bot Shin
[23/02/24 00:43:21] - Connection error. (Reason: 503)
[23/02/24 07:43:22] - Connecting . . .
[23/02/24 07:43:23] - Connected, you login as Bot Shin
[23/02/24 07:55:22] - Connection error. (Reason: 503)
[23/02/24 07:55:23] - Connecting . . .
[23/02/24 07:55:24] - Connected, you login as Bot Shin
[23/02/24 04:22:23] - Connection lost, reconnecting . . .
[23/02/24 04:22:24] - Connecting . . .
[23/02/24 04:22:30] - Connected, you login as Bot Shin
[23/02/24 10:05:52] - Connected, you login as Bot Shin
[23/02/24 10:05:52] - Connecting . . .
[23/02/24 19:49:06] - Connected, you login as Bot Shin
[23/02/24 19:49:07] - Connecting . . .
[23/02/24 20:09:59] - Connecting . . .
[23/02/24 20:10:00] - Connected, you login as Bot Shin
[23/02/24 20:15:17] - Connected, you login as Bot Shin
[23/02/24 20:15:19] - Connecting . . .
[23/02/24 21:07:21] - Connected, you login as Bot Shin
[23/02/24 21:07:22] - Connecting . . .
[23/02/24 21:21:16] - Connection error. (Reason: 503)
[23/02/24 21:21:22] - Connected, you login as Bot Shin
[23/02/24 21:21:23] - Connecting . . .
[23/02/24 14:25:51] - Connected, you login as Bot Shin
[23/02/24 14:25:52] - Connecting . . .
[23/02/24 21:27:06] - Connected, you login as Bot Shin
[23/02/24 21:27:07] - Connecting . . .
[23/02/24 21:27:35] - Connected, you login as Bot Shin
[23/02/24 21:27:35] - Connecting . . .
[23/02/24 21:41:02] - Connected, you login as Bot Shin
[23/02/24 21:41:03] - Connecting . . .
[23/02/24 18:30:10] - Connection closed, reconnecting . . .
[23/02/24 18:30:11] - Connecting . . .
[23/02/24 18:30:12] - Connected, you login as Bot Shin
[23/02/24 20:23:20] - Connection closed, reconnecting . . .
[23/02/24 20:23:21] - Connecting . . .
[23/02/24 20:23:22] - Connected, you login as Bot Shin
[24/02/24 12:15:01] - Connected, you login as Bot Shin
[24/02/24 05:15:02] - Connecting . . .
[24/02/24 15:15:17] - Connected, you login as Bot Shin
[24/02/24 15:15:18] - Connecting . . .
[24/02/24 17:41:22] - Connected, you login as Bot Shin
[24/02/24 17:41:23] - Connecting . . .
[24/02/24 21:26:33] - Connected, you login as Bot Shin
[24/02/24 21:26:36] - Connecting . . .
[24/02/24 21:34:26] - Connected, you login as Bot Shin
[24/02/24 21:34:26] - Connecting . . .
[25/02/24 01:15:07] - Connected, you login as Bot Shin
[25/02/24 01:15:08] - Connecting . . .
[25/02/24 11:43:30] - Connected, you login as Bot Shin
[25/02/24 11:43:32] - Connecting . . .
[25/02/24 04:50:22] - Connected, you login as Bot Shin
[25/02/24 04:50:23] - Connecting . . .
[25/02/24 12:17:37] - Connected, you login as Bot Shin
[25/02/24 12:17:39] - Connecting . . .
[25/02/24 12:18:32] - Connected, you login as Bot Shin
[25/02/24 12:18:34] - Connecting . . .
[25/02/24 05:25:47] - Connected, you login as Bot Shin
[25/02/24 05:25:49] - Connecting . . .
[25/02/24 12:26:18] - Connecting . . .
[25/02/24 12:26:18] - Connected, you login as Bot Shin
[25/02/24 12:26:55] - Connected, you login as Bot Shin
[25/02/24 12:26:57] - Connecting . . .
[25/02/24 05:35:37] - Connected, you login as Bot Shin
[25/02/24 05:35:38] - Connecting . . .
[25/02/24 05:36:10] - Connected, you login as Bot Shin
[25/02/24 05:36:10] - Connecting . . .
[25/02/24 12:37:09] - Connecting . . .
[25/02/24 12:37:09] - Connected, you login as Bot Shin
[25/02/24 19:13:40] - Connected, you login as Bot Shin
[25/02/24 19:13:40] - Connecting . . .
[25/02/24 20:27:27] - Connected, you login as Bot Shin
[25/02/24 20:27:29] - Connecting . . .
[25/02/24 22:49:22] - Connected, you login as Bot Shin
[25/02/24 22:49:26] - Connecting . . .
[25/02/24 23:28:50] - Connection error. (Reason: 503)
[26/02/24 06:28:57] - Connected, you login as Bot Shin
[26/02/24 06:28:58] - Connecting . . .
[26/02/24 11:28:24] - Connected, you login as Bot Shin
[26/02/24 11:28:26] - Connecting . . .
[26/02/24 11:28:44] - Connected, you login as Bot Shin
[26/02/24 11:28:46] - Connecting . . .
[26/02/24 04:52:34] - Connection lost, reconnecting . . .
[26/02/24 04:52:36] - Connecting . . .
[26/02/24 04:52:38] - Connected, you login as Bot Shin
[26/02/24 06:23:58] - Connected, you login as Bot Shin
[26/02/24 06:23:59] - Connecting . . .
[26/02/24 13:24:41] - Connected, you login as Bot Shin
[26/02/24 13:24:49] - Connecting . . .
[26/02/24 13:25:55] - Connected, you login as Bot Shin
[26/02/24 13:25:55] - Connecting . . .
[26/02/24 13:33:25] - Connected, you login as Bot Shin
[26/02/24 13:33:26] - Connecting . . .
[26/02/24 13:33:57] - Connected, you login as Bot Shin
[26/02/24 13:33:59] - Connecting . . .
[26/02/24 13:34:26] - Connected, you login as Bot Shin
[26/02/24 13:35:41] - Connecting . . .
[26/02/24 13:35:42] - Connected, you login as Bot Shin
[26/02/24 13:35:59] - Connected, you login as Bot Shin
[26/02/24 13:35:59] - Connecting . . .
[26/02/24 13:43:49] - Connected, you login as Bot Shin
[26/02/24 13:43:51] - Connecting . . .
[26/02/24 13:50:35] - Connected, you login as Bot Shin
[26/02/24 13:53:01] - Connected, you login as Bot Shin
[26/02/24 13:53:02] - Connecting . . .
[26/02/24 13:54:19] - Connected, you login as Bot Shin
[26/02/24 13:54:24] - Connecting . . .
[26/02/24 17:37:54] - Connected, you login as Bot Shin
[26/02/24 17:37:55] - Connecting . . .
[26/02/24 17:50:20] - Connected, you login as Bot Shin
[26/02/24 17:50:20] - Connecting . . .
[26/02/24 17:52:46] - Connected, you login as Bot Shin
[26/02/24 17:52:47] - Connecting . . .
[26/02/24 12:21:50] - Connection lost, reconnecting . . .
[26/02/24 12:21:52] - Connecting . . .
[26/02/24 12:21:53] - Connected, you login as Bot Shin
[26/02/24 13:58:52] - Connection lost, reconnecting . . .
[26/02/24 13:58:53] - Connection lost, reconnecting . . .
[26/02/24 13:58:54] - Connecting . . .
[26/02/24 13:58:55] - Connection lost, reconnecting . . .
[26/02/24 13:58:56] - Connecting . . .
[26/02/24 13:58:56] - Connection lost, reconnecting . . .
[26/02/24 13:58:56] - Connecting . . .
[26/02/24 13:58:57] - Connecting . . .
[26/02/24 13:58:57] - Connection lost, reconnecting . . .
[26/02/24 13:58:58] - Connecting . . .
[26/02/24 13:58:58] - Connection lost, reconnecting . . .
[26/02/24 13:58:59] - Connecting . . .
[26/02/24 13:59:00] - Connection lost, reconnecting . . .
[26/02/24 13:59:01] - Connecting . . .
[26/02/24 13:59:01] - Connection lost, reconnecting . . .
[26/02/24 13:59:02] - Connecting . . .
[26/02/24 13:59:02] - Connection lost, reconnecting . . .
[26/02/24 13:59:03] - Connecting . . .
[26/02/24 13:59:04] - Connection lost, reconnecting . . .
[26/02/24 13:59:05] - Connection lost, reconnecting . . .
[26/02/24 13:59:05] - Connecting . . .
[26/02/24 13:59:06] - Connection lost, reconnecting . . .
[26/02/24 13:59:06] - Connecting . . .
[26/02/24 13:59:08] - Connection lost, reconnecting . . .
[26/02/24 13:59:08] - Connecting . . .
[26/02/24 13:59:09] - Connection lost, reconnecting . . .
[26/02/24 13:59:09] - Connecting . . .
[26/02/24 13:59:10] - Connection lost, reconnecting . . .
[26/02/24 13:59:10] - Connecting . . .
[26/02/24 13:59:12] - Connection lost, reconnecting . . .
[26/02/24 13:59:12] - Connecting . . .
[26/02/24 13:59:13] - Connection lost, reconnecting . . .
[26/02/24 13:59:13] - Connecting . . .
[26/02/24 13:59:14] - Connection lost, reconnecting . . .
[26/02/24 13:59:14] - Connecting . . .
[26/02/24 13:59:15] - Connection lost, reconnecting . . .
[26/02/24 13:59:16] - Connecting . . .
[26/02/24 13:59:17] - Connection lost, reconnecting . . .
[26/02/24 13:59:17] - Connecting . . .
[26/02/24 13:59:18] - Connection lost, reconnecting . . .
[26/02/24 13:59:18] - Connecting . . .
[26/02/24 13:59:19] - Connection lost, reconnecting . . .
[26/02/24 13:59:20] - Connecting . . .
[26/02/24 13:59:21] - Connection lost, reconnecting . . .
[26/02/24 13:59:21] - Connecting . . .
[26/02/24 13:59:22] - Connection lost, reconnecting . . .
[26/02/24 13:59:22] - Connecting . . .
[26/02/24 13:59:23] - Connection lost, reconnecting . . .
[26/02/24 13:59:24] - Connecting . . .
[26/02/24 13:59:24] - Connection lost, reconnecting . . .
[26/02/24 13:59:24] - Connecting . . .
[26/02/24 13:59:26] - Connecting . . .
[26/02/24 13:59:27] - Connected, you login as Bot Shin
[26/02/24 23:24:34] - Connected, you login as Bot Shin
[26/02/24 23:24:35] - Connecting . . .
[26/02/24 20:39:09] - Connection closed, reconnecting . . .
[26/02/24 20:39:11] - Connecting . . .
[26/02/24 20:39:11] - Connected, you login as Bot Shin
[27/02/24 04:39:59] - Connected, you login as Bot Shin
[27/02/24 04:40:00] - Connecting . . .
[26/02/24 22:25:11] - Connection closed, reconnecting . . .
[26/02/24 22:25:13] - Connecting . . .
[26/02/24 22:25:13] - Connected, you login as Bot Shin
[26/02/24 23:30:48] - Connection closed, reconnecting . . .
[26/02/24 23:30:50] - Connecting . . .
[26/02/24 23:30:51] - Connected, you login as Bot Shin
[27/02/24 00:10:26] - Connection lost, reconnecting . . .
[27/02/24 00:10:28] - Connecting . . .
[27/02/24 00:10:29] - Connected, you login as Bot Shin
[27/02/24 02:51:25] - Connection closed, reconnecting . . .
[27/02/24 02:51:26] - Connecting . . .
[27/02/24 02:51:27] - Connected, you login as Bot Shin
[27/02/24 03:07:38] - Connection lost, reconnecting . . .
[27/02/24 03:07:41] - Connecting . . .
[27/02/24 03:07:42] - Connected, you login as Bot Shin
[27/02/24 07:15:52] - Connection lost, reconnecting . . .
[27/02/24 07:15:53] - Connecting . . .
[27/02/24 07:15:54] - Connected, you login as Bot Shin
[27/02/24 13:00:50] - Connection lost, reconnecting . . .
[27/02/24 13:00:54] - Connecting . . .
[27/02/24 13:00:54] - Connected, you login as Bot Shin
[27/02/24 20:17:15] - Connected, you login as Bot Shin
[27/02/24 20:17:16] - Connecting . . .
[27/02/24 21:56:29] - Connected, you login as Bot Shin
[27/02/24 21:56:30] - Connecting . . .
[27/02/24 21:59:51] - Connected, you login as Bot Shin
[27/02/24 21:59:52] - Connecting . . .
[28/02/24 02:44:57] - Connected, you login as Bot Shin
[28/02/24 02:44:57] - Connecting . . .
[28/02/24 03:11:20] - Connected, you login as Bot Shin
[28/02/24 03:11:21] - Connecting . . .
[28/02/24 03:12:24] - Connected, you login as Bot Shin
[28/02/24 03:12:25] - Connecting . . .
[28/02/24 03:15:43] - Connected, you login as Bot Shin
[28/02/24 03:15:45] - Connecting . . .
[28/02/24 03:16:15] - Connected, you login as Bot Shin
[28/02/24 03:16:16] - Connecting . . .
[28/02/24 03:16:46] - Connected, you login as Bot Shin
[28/02/24 03:16:47] - Connecting . . .
[28/02/24 03:17:18] - Connected, you login as Bot Shin
[28/02/24 03:17:19] - Connecting . . .
[28/02/24 03:22:08] - Connected, you login as Bot Shin
[28/02/24 03:22:08] - Connecting . . .
[28/02/24 03:23:06] - Connecting . . .
[28/02/24 03:23:07] - Connected, you login as Bot Shin
[27/02/24 23:21:35] - Connection error. (Reason: 503)
[28/02/24 06:21:42] - Connected, you login as Bot Shin
[28/02/24 06:21:43] - Connecting . . .
[28/02/24 18:19:35] - Connected, you login as Bot Shin
[28/02/24 18:19:39] - Connecting . . .
[28/02/24 18:30:25] - Connected, you login as Bot Shin
[28/02/24 18:30:26] - Connecting . . .
[28/02/24 19:08:11] - Connected, you login as Bot Shin
[28/02/24 19:08:11] - Connecting . . .
[28/02/24 19:08:43] - Connected, you login as Bot Shin
[28/02/24 19:08:43] - Connecting . . .
[28/02/24 19:09:24] - Connecting . . .
[28/02/24 19:09:25] - Connected, you login as Bot Shin
[28/02/24 19:12:02] - Connected, you login as Bot Shin
[28/02/24 19:12:03] - Connecting . . .
[28/02/24 19:12:34] - Connected, you login as Bot Shin
[28/02/24 19:12:34] - Connecting . . .
[28/02/24 19:13:06] - Connected, you login as Bot Shin
[28/02/24 19:13:07] - Connecting . . .
[28/02/24 19:19:01] - Connected, you login as Bot Shin
[28/02/24 19:19:02] - Connecting . . .
[28/02/24 23:06:37] - Connected, you login as Bot Shin
[28/02/24 23:06:37] - Connecting . . .
[28/02/24 16:16:23] - Connection lost, reconnecting . . .
[28/02/24 16:16:25] - Connecting . . .
[28/02/24 16:16:27] - Connected, you login as Bot Shin
[28/02/24 20:45:51] - Connection closed, reconnecting . . .
[28/02/24 20:45:53] - Connecting . . .
[28/02/24 20:45:53] - Connected, you login as Bot Shin
[28/02/24 21:41:30] - Connection closed, reconnecting . . .
[28/02/24 21:41:32] - Connecting . . .
[28/02/24 21:41:33] - Connected, you login as Bot Shin
[28/02/24 22:24:44] - Connection error. (Reason: 503)
[29/02/24 05:24:50] - Connected, you login as Bot Shin
[29/02/24 05:24:52] - Connecting . . .
[29/02/24 05:39:32] - Connection error. (Reason: 503)
[29/02/24 05:39:39] - Connecting . . .
[29/02/24 05:39:39] - Connected, you login as Bot Shin
[29/02/24 09:47:31] - Connected, you login as Bot Shin
[29/02/24 09:47:32] - Connecting . . .
[29/02/24 19:14:15] - Connected, you login as Bot Shin
[29/02/24 19:14:16] - Connecting . . .
[29/02/24 19:20:19] - Connected, you login as Bot Shin
[29/02/24 19:20:21] - Connecting . . .
[29/02/24 19:35:23] - Connected, you login as Bot Shin
[29/02/24 19:35:23] - Connecting . . .
[29/02/24 21:38:38] - Connecting . . .
[29/02/24 21:38:39] - Connected, you login as Bot Shin
[29/02/24 21:41:18] - Connected, you login as Bot Shin
[29/02/24 21:41:21] - Connecting . . .
[29/02/24 21:41:50] - Connected, you login as Bot Shin
[29/02/24 21:41:50] - Connecting . . .
[29/02/24 21:42:47] - Connected, you login as Bot Shin
[29/02/24 21:42:47] - Connecting . . .
[29/02/24 21:46:49] - Connected, you login as Bot Shin
[29/02/24 21:46:50] - Connecting . . .
[29/02/24 21:47:36] - Connected, you login as Bot Shin
[29/02/24 21:47:39] - Connecting . . .
[29/02/24 23:47:40] - Connected, you login as Bot Shin
[29/02/24 23:47:41] - Connecting . . .
[01/03/24 00:20:07] - Connected, you login as Bot Shin
[01/03/24 00:20:08] - Connecting . . .
[01/03/24 00:45:22] - Connected, you login as Bot Shin
[01/03/24 00:45:27] - Connecting . . .
[01/03/24 00:45:45] - Connected, you login as Bot Shin
[01/03/24 00:46:18] - Connected, you login as Bot Shin
[01/03/24 00:46:35] - Connecting . . .
[29/02/24 17:49:35] - Connected, you login as Bot Shin
[29/02/24 17:49:36] - Connecting . . .
[01/03/24 00:50:06] - Connecting . . .
[01/03/24 00:50:06] - Connected, you login as Bot Shin
[01/03/24 00:50:53] - Connecting . . .
[01/03/24 00:50:53] - Connected, you login as Bot Shin
[01/03/24 00:56:38] - Connected, you login as Bot Shin
[01/03/24 00:56:39] - Connecting . . .
[01/03/24 03:53:20] - Connecting . . .
[01/03/24 03:53:21] - Connected, you login as Bot Shin
[01/03/24 05:21:08] - Connection error. (Reason: 503)
[01/03/24 05:21:15] - Connected, you login as Bot Shin
[01/03/24 05:21:18] - Connecting . . .
[01/03/24 05:26:03] - Connection error. (Reason: 503)
[01/03/24 05:26:10] - Connected, you login as Bot Shin
[01/03/24 05:26:11] - Connecting . . .
[01/03/24 05:34:51] - Connection error. (Reason: 503)
[01/03/24 05:34:56] - Connected, you login as Bot Shin
[01/03/24 05:34:58] - Connecting . . .
[01/03/24 05:52:41] - Connection closed, reconnecting . . .
[01/03/24 05:52:43] - Connecting . . .
[01/03/24 05:52:43] - Connected, you login as Bot Shin
[01/03/24 18:39:46] - Connected, you login as Bot Shin
[01/03/24 18:39:49] - Connecting . . .
[01/03/24 19:01:24] - Connected, you login as Bot Shin
[01/03/24 19:01:24] - Connecting . . .
[01/03/24 20:01:25] - Connected, you login as Bot Shin
[01/03/24 20:01:25] - Connecting . . .
[01/03/24 20:05:22] - Connected, you login as Bot Shin
[01/03/24 20:05:36] - Connecting . . .
[01/03/24 21:07:50] - Connecting . . .
[01/03/24 21:07:51] - Connected, you login as Bot Shin
[01/03/24 21:22:20] - Connected, you login as Bot Shin
[01/03/24 21:22:26] - Connecting . . .
[02/03/24 02:46:23] - Connected, you login as Bot Shin
[02/03/24 02:46:23] - Connecting . . .
[02/03/24 02:49:08] - Connected, you login as Bot Shin
[02/03/24 02:49:08] - Connecting . . .
[02/03/24 02:49:39] - Connected, you login as Bot Shin
[02/03/24 02:49:40] - Connecting . . .
[02/03/24 02:50:29] - Connected, you login as Bot Shin
[02/03/24 02:50:29] - Connecting . . .
[02/03/24 02:54:17] - Connecting . . .
[02/03/24 02:54:17] - Connected, you login as Bot Shin
[02/03/24 02:55:06] - Connected, you login as Bot Shin
[02/03/24 02:55:07] - Connecting . . .
[02/03/24 15:41:06] - Connecting . . .
[02/03/24 15:41:06] - Connected, you login as Bot Shin
[02/03/24 15:55:08] - Connected, you login as Bot Shin
[02/03/24 15:55:09] - Connecting . . .
[02/03/24 16:02:27] - Connected, you login as Bot Shin
[02/03/24 16:02:29] - Connecting . . .
[02/03/24 16:06:29] - Connected, you login as Bot Shin
[02/03/24 16:06:33] - Connecting . . .
[02/03/24 09:09:13] - Connecting . . .
[02/03/24 09:09:13] - Connected, you login as Bot Shin
[02/03/24 16:14:39] - Connected, you login as Bot Shin
[02/03/24 16:14:41] - Connecting . . .
[02/03/24 12:31:50] - Connection lost, reconnecting . . .
[02/03/24 12:31:54] - Connected, you login as Bot Shin
[02/03/24 12:31:55] - Connecting . . .
[02/03/24 22:40:23] - Connected, you login as Bot Shin
[02/03/24 22:40:24] - Connecting . . .
[03/03/24 00:41:33] - Connected, you login as Bot Shin
[03/03/24 00:41:36] - Connecting . . .
[03/03/24 19:39:50] - Connected, you login as Bot Shin
[03/03/24 19:39:50] - Connecting . . .
[03/03/24 22:59:52] - Connected, you login as Bot Shin
[03/03/24 22:59:54] - Connecting . . .
[04/03/24 11:38:44] - Connected, you login as Bot Shin
[04/03/24 11:38:45] - Connecting . . .
[04/03/24 11:53:15] - Connected, you login as Bot Shin
[04/03/24 11:53:15] - Connecting . . .
[04/03/24 11:58:19] - Connected, you login as Bot Shin
[04/03/24 11:58:19] - Connecting . . .
[04/03/24 10:45:26] - Connection lost, reconnecting . . .
[04/03/24 10:45:28] - Connecting . . .
[04/03/24 10:45:28] - Connected, you login as Bot Shin
[04/03/24 20:30:57] - Connected, you login as Bot Shin
[04/03/24 20:30:57] - Connecting . . .
[04/03/24 17:27:57] - Connected, you login as Bot Shin
[04/03/24 17:27:58] - Connecting . . .
[05/03/24 02:03:57] - Connected, you login as Bot Shin
[05/03/24 02:03:59] - Connecting . . .
[04/03/24 22:52:33] - Connection closed, reconnecting . . .
[04/03/24 22:52:35] - Connecting . . .
[04/03/24 22:52:35] - Connected, you login as Bot Shin
[04/03/24 23:13:29] - Connection error. (Reason: 503)
[05/03/24 06:13:35] - Connecting . . .
[05/03/24 06:13:35] - Connected, you login as Bot Shin
[05/03/24 17:39:57] - Connecting . . .
[05/03/24 17:39:58] - Connected, you login as Bot Shin
[05/03/24 17:46:14] - Connecting . . .
[05/03/24 17:46:14] - Connected, you login as Bot Shin
[05/03/24 17:55:16] - Connected, you login as Bot Shin
[05/03/24 17:55:18] - Connecting . . .
[05/03/24 20:54:13] - Connected, you login as Bot Shin
[05/03/24 20:54:15] - Connecting . . .
[06/03/24 00:28:11] - Connection closed, reconnecting . . .
[06/03/24 00:28:13] - Connecting . . .
[06/03/24 00:28:13] - Connected, you login as Bot Shin
[06/03/24 11:03:43] - Connected, you login as Bot Shin
[06/03/24 11:03:43] - Connecting . . .
[06/03/24 11:04:16] - Connected, you login as Bot Shin
[06/03/24 11:04:18] - Connecting . . .
[06/03/24 11:05:26] - Connected, you login as Bot Shin
[06/03/24 11:05:26] - Connecting . . .
[06/03/24 11:06:39] - Connected, you login as Bot Shin
[06/03/24 11:06:41] - Connecting . . .
[06/03/24 11:09:16] - Connecting . . .
[06/03/24 11:09:16] - Connected, you login as Bot Shin
[06/03/24 05:41:08] - Connected, you login as Bot Shin
[06/03/24 05:41:09] - Connecting . . .
[06/03/24 20:36:23] - Connected, you login as Bot Shin
[06/03/24 20:36:23] - Connecting . . .
[06/03/24 20:53:04] - Connected, you login as Bot Shin
[06/03/24 20:53:06] - Connecting . . .
[06/03/24 21:02:37] - Connected, you login as Bot Shin
[06/03/24 21:02:38] - Connecting . . .
[06/03/24 22:30:00] - Connection error. (Reason: 503)
[07/03/24 05:30:07] - Connected, you login as Bot Shin
[07/03/24 05:30:07] - Connecting . . .
[07/03/24 01:10:10] - Connected, you login as Bot Shin
[07/03/24 01:10:11] - Connecting . . .
[07/03/24 08:19:01] - Connected, you login as Bot Shin
[07/03/24 08:19:02] - Connecting . . .
[07/03/24 01:20:59] - Connected, you login as Bot Shin
[07/03/24 01:21:01] - Connecting . . .
[07/03/24 08:21:30] - Connected, you login as Bot Shin
[07/03/24 08:21:30] - Connecting . . .
[07/03/24 01:22:31] - Connected, you login as Bot Shin
[07/03/24 01:22:33] - Connecting . . .
[07/03/24 01:41:37] - Connected, you login as Bot Shin
[07/03/24 01:41:39] - Connecting . . .
[07/03/24 13:19:43] - Connected, you login as Bot Shin
[07/03/24 13:19:45] - Connecting . . .
[07/03/24 06:21:39] - Connected, you login as Bot Shin
[07/03/24 06:21:41] - Connecting . . .
[07/03/24 10:40:54] - Connection closed, reconnecting . . .
[07/03/24 10:40:56] - Connected, you login as Bot Shin
[07/03/24 10:40:56] - Connecting . . .
[07/03/24 18:56:18] - Connecting . . .
[07/03/24 18:56:19] - Connected, you login as Bot Shin
[07/03/24 20:59:57] - Connected, you login as Bot Shin
[07/03/24 20:59:58] - Connecting . . .
[07/03/24 22:20:27] - Connected, you login as Bot Shin
[07/03/24 22:20:28] - Connecting . . .
[07/03/24 23:03:16] - Connected, you login as Bot Shin
[07/03/24 23:03:18] - Connecting . . .
[07/03/24 23:10:34] - Connected, you login as Bot Shin
[07/03/24 23:10:35] - Connecting . . .
[07/03/24 23:22:59] - Connected, you login as Bot Shin
[07/03/24 23:22:59] - Connecting . . .
[07/03/24 23:45:00] - Connecting . . .
[07/03/24 23:45:00] - Connected, you login as Bot Shin
[07/03/24 23:45:32] - Connecting . . .
[07/03/24 23:45:33] - Connected, you login as Bot Shin
[07/03/24 23:46:16] - Connected, you login as Bot Shin
[07/03/24 23:46:16] - Connecting . . .
[07/03/24 23:49:20] - Connected, you login as Bot Shin
[07/03/24 23:49:23] - Connecting . . .
[07/03/24 23:49:52] - Connecting . . .
[07/03/24 23:49:52] - Connected, you login as Bot Shin
[07/03/24 23:50:31] - Connected, you login as Bot Shin
[07/03/24 23:50:36] - Connecting . . .
[08/03/24 00:21:15] - Connected, you login as Bot Shin
[08/03/24 00:21:16] - Connecting . . .
[08/03/24 07:42:46] - Connected, you login as Bot Shin
[08/03/24 07:42:48] - Connecting . . .
[08/03/24 13:29:41] - Connected, you login as Bot Shin
[08/03/24 13:29:42] - Connecting . . .
[08/03/24 13:40:59] - Connected, you login as Bot Shin
[08/03/24 13:41:00] - Connecting . . .
[08/03/24 21:23:11] - Connected, you login as Bot Shin
[08/03/24 21:23:24] - Connecting . . .
[08/03/24 21:25:31] - Connected, you login as Bot Shin
[08/03/24 21:25:34] - Connecting . . .
[08/03/24 21:28:25] - Connected, you login as Bot Shin
[08/03/24 21:28:29] - Connecting . . .
[08/03/24 21:28:53] - Connecting . . .
[08/03/24 21:28:53] - Connected, you login as Bot Shin
[08/03/24 21:31:53] - Connecting . . .
[08/03/24 21:31:54] - Connected, you login as Bot Shin
[08/03/24 21:32:24] - Connecting . . .
[08/03/24 21:32:26] - Connected, you login as Bot Shin
[08/03/24 21:32:56] - Connected, you login as Bot Shin
[08/03/24 21:32:56] - Connecting . . .
[08/03/24 21:33:44] - Connected, you login as Bot Shin
[08/03/24 21:33:49] - Connecting . . .
[08/03/24 21:37:45] - Connected, you login as Bot Shin
[08/03/24 21:37:45] - Connecting . . .
[08/03/24 21:38:13] - Connected, you login as Bot Shin
[08/03/24 21:38:13] - Connecting . . .
[08/03/24 21:38:42] - Connected, you login as Bot Shin
[08/03/24 21:38:45] - Connecting . . .
[08/03/24 23:06:08] - Connecting . . .
[08/03/24 23:06:08] - Connected, you login as Bot Shin
[09/03/24 09:05:34] - Connection lost, reconnecting . . .
[09/03/24 09:05:37] - Connected, you login as Bot Shin
[09/03/24 09:05:40] - Connecting . . .
[09/03/24 10:49:02] - Connection closed, reconnecting . . .
[09/03/24 10:49:05] - Connected, you login as Bot Shin
[09/03/24 10:49:10] - Connecting . . .
[09/03/24 22:12:05] - Connected, you login as Bot Shin
[09/03/24 22:12:08] - Connecting . . .
[09/03/24 22:27:27] - Connected, you login as Bot Shin
[09/03/24 22:27:31] - Connecting . . .
[09/03/24 23:55:28] - Connected, you login as Bot Shin
[09/03/24 23:55:32] - Connecting . . .
[09/03/24 23:58:00] - Connected, you login as Bot Shin
[09/03/24 23:58:04] - Connecting . . .
[09/03/24 23:58:37] - Connected, you login as Bot Shin
[09/03/24 23:58:37] - Connecting . . .
[09/03/24 23:59:34] - Connected, you login as Bot Shin
[09/03/24 23:59:35] - Connecting . . .
[10/03/24 00:01:21] - Connecting . . .
[10/03/24 00:01:23] - Connected, you login as Bot Shin
[10/03/24 00:05:05] - Connecting . . .
[10/03/24 00:05:36] - Connected, you login as Bot Shin
[10/03/24 00:05:37] - Connecting . . .
[10/03/24 09:48:44] - Connected, you login as Bot Shin
[10/03/24 09:48:45] - Connecting . . .
[10/03/24 16:18:19] - Connecting . . .
[10/03/24 16:18:22] - Connected, you login as Bot Shin
[10/03/24 18:45:19] - Connected, you login as Bot Shin
[10/03/24 18:45:22] - Connecting . . .
[10/03/24 19:22:57] - Connected, you login as Bot Shin
[10/03/24 19:23:00] - Connecting . . .
[10/03/24 19:57:21] - Connecting . . .
[10/03/24 19:57:23] - Connected, you login as Bot Shin
[11/03/24 00:37:22] - Connected, you login as Bot Shin
[11/03/24 00:37:24] - Connecting . . .
[11/03/24 00:46:33] - Connected, you login as Bot Shin
[11/03/24 00:46:37] - Connecting . . .
[11/03/24 01:39:33] - Connected, you login as Bot Shin
[11/03/24 01:39:34] - Connecting . . .
[11/03/24 02:22:56] - Connected, you login as Bot Shin
[11/03/24 02:22:57] - Connecting . . .
[11/03/24 02:23:58] - Connected, you login as Bot Shin
[11/03/24 02:24:00] - Connecting . . .
[10/03/24 19:33:53] - Connected, you login as Bot Shin
[10/03/24 19:33:54] - Connecting . . .
[11/03/24 02:34:23] - Connected, you login as Bot Shin
[11/03/24 02:34:23] - Connecting . . .
[11/03/24 02:34:54] - Connected, you login as Bot Shin
[11/03/24 02:34:55] - Connecting . . .
[11/03/24 02:35:24] - Connected, you login as Bot Shin
[11/03/24 02:35:25] - Connecting . . .
[11/03/24 02:39:27] - Connected, you login as Bot Shin
[11/03/24 02:39:28] - Connecting . . .
[11/03/24 02:39:58] - Connected, you login as Bot Shin
[11/03/24 02:39:59] - Connecting . . .
[11/03/24 02:40:57] - Connected, you login as Bot Shin
[11/03/24 02:40:58] - Connecting . . .
[11/03/24 02:41:51] - Connected, you login as Bot Shin
[11/03/24 02:41:51] - Connecting . . .
[11/03/24 02:42:22] - Connected, you login as Bot Shin
[11/03/24 02:42:22] - Connecting . . .
[11/03/24 02:46:10] - Connected, you login as Bot Shin
[11/03/24 02:46:11] - Connecting . . .
[11/03/24 05:49:14] - Connected, you login as Bot Shin
[11/03/24 05:49:14] - Connecting . . .
[11/03/24 05:50:43] - Connected, you login as Bot Shin
[11/03/24 05:50:44] - Connecting . . .
[11/03/24 06:04:53] - Connected, you login as Bot Shin
[11/03/24 06:04:54] - Connecting . . .
[11/03/24 11:52:40] - Connected, you login as Bot Shin
[11/03/24 11:52:40] - Connecting . . .
[11/03/24 11:54:17] - Connected, you login as Bot Shin
[11/03/24 11:54:17] - Connecting . . .
[11/03/24 11:57:46] - Connected, you login as Bot Shin
[11/03/24 11:57:47] - Connecting . . .
[11/03/24 10:38:29] - Connected, you login as Bot Shin
[11/03/24 10:38:30] - Connecting . . .
[11/03/24 17:51:13] - Connected, you login as Bot Shin
[11/03/24 17:51:14] - Connecting . . .
[11/03/24 20:05:23] - Connected, you login as Bot Shin
[11/03/24 20:05:24] - Connecting . . .
[11/03/24 20:05:54] - Connected, you login as Bot Shin
[11/03/24 20:05:54] - Connecting . . .
[11/03/24 21:17:50] - Connected, you login as Bot Shin
[11/03/24 21:17:50] - Connecting . . .
[12/03/24 02:07:48] - Connected, you login as Bot Shin
[12/03/24 02:07:49] - Connecting . . .
[12/03/24 02:58:23] - Connecting . . .
[12/03/24 02:58:24] - Connected, you login as Bot Shin
[12/03/24 03:00:15] - Connected, you login as Bot Shin
[12/03/24 03:00:15] - Connecting . . .
[12/03/24 03:02:42] - Connected, you login as Bot Shin
[12/03/24 03:02:42] - Connecting . . .
[12/03/24 15:28:01] - Connected, you login as Bot Shin
[12/03/24 15:28:01] - Connecting . . .
[12/03/24 15:28:31] - Connected, you login as Bot Shin
[12/03/24 15:28:33] - Connecting . . .
[12/03/24 16:29:46] - Connecting . . .
[12/03/24 16:29:46] - Connected, you login as Bot Shin
[12/03/24 16:46:12] - Connected, you login as Bot Shin
[12/03/24 16:46:13] - Connecting . . .
[12/03/24 18:22:26] - Connected, you login as Bot Shin
[12/03/24 18:22:26] - Connecting . . .
[12/03/24 22:19:33] - Connected, you login as Bot Shin
[12/03/24 22:19:34] - Connecting . . .
[12/03/24 22:34:42] - Connected, you login as Bot Shin
[12/03/24 22:34:43] - Connecting . . .
[12/03/24 22:50:17] - Connected, you login as Bot Shin
[12/03/24 22:50:18] - Connecting . . .
[12/03/24 22:53:17] - Connected, you login as Bot Shin
[12/03/24 22:53:18] - Connecting . . .
[12/03/24 22:53:57] - Connected, you login as Bot Shin
[12/03/24 22:54:01] - Connecting . . .
[12/03/24 22:54:30] - Connected, you login as Bot Shin
[12/03/24 22:55:11] - Connected, you login as Bot Shin
[12/03/24 22:55:44] - Connecting . . .
[12/03/24 22:55:45] - Connected, you login as Bot Shin
[12/03/24 22:56:22] - Connected, you login as Bot Shin
[12/03/24 22:56:25] - Connecting . . .
[12/03/24 22:56:57] - Connected, you login as Bot Shin
[12/03/24 22:57:01] - Connecting . . .
[12/03/24 22:59:33] - Connected, you login as Bot Shin
[12/03/24 22:59:36] - Connecting . . .
[12/03/24 23:00:14] - Connected, you login as Bot Shin
[12/03/24 23:01:24] - Connected, you login as Bot Shin
[12/03/24 23:01:44] - Connecting . . .
[12/03/24 23:07:09] - Connected, you login as Bot Shin
[12/03/24 23:07:10] - Connecting . . .
[13/03/24 01:33:10] - Connected, you login as Bot Shin
[13/03/24 01:33:11] - Connecting . . .
[13/03/24 01:35:45] - Connected, you login as Bot Shin
[13/03/24 01:35:45] - Connecting . . .
[13/03/24 01:36:16] - Connected, you login as Bot Shin
[13/03/24 01:36:17] - Connecting . . .
[13/03/24 01:36:49] - Connected, you login as Bot Shin
[13/03/24 01:36:50] - Connecting . . .
[13/03/24 01:37:25] - Connected, you login as Bot Shin
[13/03/24 01:37:25] - Connecting . . .
[13/03/24 01:41:45] - Connected, you login as Bot Shin
[13/03/24 01:41:45] - Connecting . . .
[13/03/24 01:42:15] - Connecting . . .
[13/03/24 01:42:16] - Connected, you login as Bot Shin
[13/03/24 01:42:54] - Connected, you login as Bot Shin
[13/03/24 01:42:55] - Connecting . . .
[12/03/24 20:23:13] - Connection closed, reconnecting . . .
[12/03/24 20:23:15] - Connecting . . .
[12/03/24 20:23:16] - Connected, you login as Bot Shin
[12/03/24 20:54:05] - Connection error. (Reason: 503)
[13/03/24 03:54:13] - Connected, you login as Bot Shin
[13/03/24 03:54:13] - Connecting . . .
[13/03/24 05:28:29] - Connected, you login as Bot Shin
[13/03/24 05:28:30] - Connecting . . .
[13/03/24 05:28:41] - Connected, you login as Bot Shin
[13/03/24 05:28:42] - Connecting . . .
[13/03/24 05:29:20] - Connecting . . .
[13/03/24 05:29:21] - Connected, you login as Bot Shin
[13/03/24 10:30:31] - Connected, you login as Bot Shin
[13/03/24 10:30:32] - Connecting . . .
[13/03/24 10:32:36] - Connected, you login as Bot Shin
[13/03/24 10:32:38] - Connecting . . .
[13/03/24 10:38:16] - Connected, you login as Bot Shin
[13/03/24 10:38:17] - Connecting . . .
[13/03/24 10:41:23] - Connected, you login as Bot Shin
[13/03/24 10:41:24] - Connecting . . .
[13/03/24 03:43:02] - Connected, you login as Bot Shin
[13/03/24 03:43:03] - Connecting . . .
[13/03/24 10:40:47] - Connected, you login as Bot Shin
[13/03/24 10:40:48] - Connecting . . .
[13/03/24 18:54:35] - Connected, you login as Bot Shin
[13/03/24 18:54:35] - Connecting . . .
[13/03/24 20:14:08] - Connected, you login as Bot Shin
[13/03/24 20:14:08] - Connecting . . .
[13/03/24 21:15:21] - Connected, you login as Bot Shin
[13/03/24 21:15:25] - Connecting . . .
[13/03/24 21:16:30] - Connecting . . .
[13/03/24 21:16:30] - Connected, you login as Bot Shin
[13/03/24 21:20:37] - Connected, you login as Bot Shin
[13/03/24 21:20:40] - Connecting . . .
[13/03/24 21:21:40] - Connecting . . .
[13/03/24 21:21:40] - Connected, you login as Bot Shin
[13/03/24 21:27:10] - Connected, you login as Bot Shin
[13/03/24 21:27:11] - Connecting . . .
[13/03/24 17:08:11] - Connection closed, reconnecting . . .
[13/03/24 17:08:13] - Connecting . . .
[13/03/24 17:08:14] - Connected, you login as Bot Shin
[13/03/24 19:04:41] - Connection lost, reconnecting . . .
[13/03/24 19:04:43] - Connection lost, reconnecting . . .
[13/03/24 19:04:43] - Connecting . . .
[13/03/24 19:04:44] - Connection lost, reconnecting . . .
[13/03/24 19:04:44] - Connecting . . .
[13/03/24 19:04:45] - Connection lost, reconnecting . . .
[13/03/24 19:04:46] - Connecting . . .
[13/03/24 19:04:47] - Connecting . . .
[13/03/24 19:04:48] - Connected, you login as Bot Shin
[14/03/24 04:00:50] - Connected, you login as Bot Shin
[14/03/24 04:00:51] - Connecting . . .
[14/03/24 04:01:26] - Connected, you login as Bot Shin
[14/03/24 04:01:27] - Connecting . . .
[14/03/24 04:04:08] - Connected, you login as Bot Shin
[14/03/24 04:04:08] - Connecting . . .
[14/03/24 04:04:39] - Connected, you login as Bot Shin
[14/03/24 04:04:40] - Connecting . . .
[14/03/24 04:05:14] - Connected, you login as Bot Shin
[14/03/24 04:05:15] - Connecting . . .
[14/03/24 04:10:13] - Connected, you login as Bot Shin
[14/03/24 04:10:13] - Connecting . . .
[13/03/24 21:56:21] - Connection error. (Reason: 503)
[14/03/24 04:56:27] - Connected, you login as Bot Shin
[14/03/24 04:56:28] - Connecting . . .
[14/03/24 04:57:10] - Connection error. (Reason: 503)
[14/03/24 04:57:16] - Connected, you login as Bot Shin
[14/03/24 04:57:17] - Connecting . . .
[14/03/24 09:57:10] - Connected, you login as Bot Shin
[14/03/24 09:57:10] - Connecting . . .
[14/03/24 10:15:48] - Connected, you login as Bot Shin
[14/03/24 10:15:48] - Connecting . . .
[14/03/24 05:33:50] - Connection error. (Reason: 503)
[14/03/24 12:33:58] - Connected, you login as Bot Shin
[14/03/24 12:33:59] - Connecting . . .
[14/03/24 12:53:14] - Connected, you login as Bot Shin
[14/03/24 12:53:14] - Connecting . . .
[14/03/24 20:10:11] - Connected, you login as Bot Shin
[14/03/24 20:10:11] - Connecting . . .
[14/03/24 20:10:33] - Connected, you login as Bot Shin
[14/03/24 20:10:35] - Connecting . . .
[14/03/24 20:12:11] - Connected, you login as Bot Shin
[14/03/24 20:12:12] - Connecting . . .
[14/03/24 20:15:46] - Connected, you login as Bot Shin
[14/03/24 20:15:46] - Connecting . . .
[14/03/24 20:16:55] - Connected, you login as Bot Shin
[14/03/24 20:16:56] - Connecting . . .
[14/03/24 20:17:30] - Connected, you login as Bot Shin
[14/03/24 20:17:30] - Connecting . . .
[14/03/24 13:21:13] - Connected, you login as Bot Shin
[14/03/24 13:21:14] - Connecting . . .
[14/03/24 13:54:09] - Connected, you login as Bot Shin
[14/03/24 13:54:10] - Connecting . . .
[14/03/24 13:54:44] - Connected, you login as Bot Shin
[14/03/24 13:54:44] - Connecting . . .
[14/03/24 13:54:55] - Connected, you login as Bot Shin
[14/03/24 13:54:57] - Connecting . . .
[14/03/24 14:04:10] - Connected, you login as Bot Shin
[14/03/24 14:04:13] - Connecting . . .
[14/03/24 15:30:26] - Connection error. (Reason: 503)
[14/03/24 15:30:33] - Connected, you login as Bot Shin
[14/03/24 15:30:34] - Connecting . . .
[14/03/24 15:34:40] - Connection error. (Reason: 503)
[14/03/24 15:34:46] - Connected, you login as Bot Shin
[14/03/24 15:34:47] - Connecting . . .
[14/03/24 17:41:35] - Connection error. (Reason: 503)
[14/03/24 17:41:42] - Connected, you login as Bot Shin
[14/03/24 17:41:43] - Connecting . . .
[14/03/24 19:58:43] - Connected, you login as Bot Shin
[14/03/24 19:58:44] - Connecting . . .
[14/03/24 21:35:48] - Connection error. (Reason: 503)
[14/03/24 21:35:55] - Connecting . . .
[14/03/24 21:35:55] - Connected, you login as Bot Shin
[14/03/24 23:28:58] - Connected, you login as Bot Shin
[14/03/24 23:29:00] - Connecting . . .
[15/03/24 03:19:44] - Connecting . . .
[15/03/24 03:19:44] - Connected, you login as Bot Shin
[15/03/24 13:43:39] - Connected, you login as Bot Shin
[15/03/24 13:43:41] - Connecting . . .
[15/03/24 06:44:34] - Connected, you login as Bot Shin
[15/03/24 06:44:36] - Connecting . . .
[15/03/24 06:46:47] - Connected, you login as Bot Shin
[15/03/24 06:46:48] - Connecting . . .
[15/03/24 09:56:10] - Connected, you login as Bot Shin
[15/03/24 09:56:11] - Connecting . . .
[15/03/24 15:33:03] - Connected, you login as Bot Shin
[15/03/24 15:33:04] - Connecting . . .
[15/03/24 15:33:43] - Connected, you login as Bot Shin
[15/03/24 15:33:44] - Connecting . . .
[15/03/24 15:34:13] - Connected, you login as Bot Shin
[15/03/24 15:34:13] - Connecting . . .
[16/03/24 00:09:37] - Connection closed, reconnecting . . .
[16/03/24 00:09:39] - Connecting . . .
[16/03/24 00:09:41] - Connected, you login as Bot Shin
[15/03/24 17:38:23] - Connected, you login as Bot Shin
[15/03/24 17:38:24] - Connecting . . .
[16/03/24 00:55:49] - Connecting . . .
[16/03/24 00:55:50] - Connected, you login as Bot Shin
[15/03/24 18:17:24] - Connected, you login as Bot Shin
[15/03/24 18:17:25] - Connecting . . .
[16/03/24 03:16:48] - Connected, you login as Bot Shin
[16/03/24 03:16:48] - Connecting . . .
[16/03/24 08:40:21] - Connection closed, reconnecting . . .
[16/03/24 08:40:24] - Connecting . . .
[16/03/24 08:40:24] - Connected, you login as Bot Shin
[16/03/24 02:55:26] - Connecting . . .
[16/03/24 02:55:28] - Connected, you login as Bot Shin
[16/03/24 03:01:27] - Connected, you login as Bot Shin
[16/03/24 03:01:29] - Connecting . . .
[16/03/24 03:02:48] - Connected, you login as Bot Shin
[16/03/24 03:02:49] - Connecting . . .
[16/03/24 03:04:23] - Connecting . . .
[16/03/24 03:04:24] - Connected, you login as Bot Shin
[16/03/24 03:07:50] - Connected, you login as Bot Shin
[16/03/24 03:07:51] - Connecting . . .
[16/03/24 03:10:32] - Connected, you login as Bot Shin
[16/03/24 03:10:32] - Connecting . . .
[16/03/24 12:46:51] - Connected, you login as Bot Shin
[16/03/24 12:46:51] - Connecting . . .
[16/03/24 11:23:54] - Connected, you login as Bot Shin
[16/03/24 11:23:54] - Connecting . . .
[16/03/24 21:23:30] - Connection lost, reconnecting . . .
[16/03/24 21:23:32] - Connecting . . .
[16/03/24 21:23:34] - Connected, you login as Bot Shin
[16/03/24 14:41:16] - Connected, you login as Bot Shin
[16/03/24 14:41:19] - Connecting . . .
[16/03/24 14:56:23] - Connected, you login as Bot Shin
[16/03/24 14:56:24] - Connecting . . .
[16/03/24 23:50:30] - Connecting . . .
[16/03/24 23:50:34] - Connected, you login as Bot Shin
[16/03/24 20:44:53] - Connected, you login as Bot Shin
[16/03/24 20:44:53] - Connecting . . .
[16/03/24 20:45:25] - Connected, you login as Bot Shin
[16/03/24 20:45:26] - Connecting . . .
[16/03/24 20:45:56] - Connected, you login as Bot Shin
[16/03/24 20:45:57] - Connecting . . .
[17/03/24 03:46:39] - Connected, you login as Bot Shin
[17/03/24 03:46:39] - Connecting . . .
[16/03/24 20:49:03] - Connected, you login as Bot Shin
[16/03/24 20:49:04] - Connecting . . .
[16/03/24 20:49:35] - Connected, you login as Bot Shin
[16/03/24 20:49:36] - Connecting . . .
[16/03/24 20:50:06] - Connected, you login as Bot Shin
[16/03/24 20:50:07] - Connecting . . .
[16/03/24 20:51:04] - Connected, you login as Bot Shin
[16/03/24 20:51:05] - Connecting . . .
[16/03/24 20:56:26] - Connected, you login as Bot Shin
[16/03/24 20:56:27] - Connecting . . .
[16/03/24 21:08:50] - Connected, you login as Bot Shin
[16/03/24 21:08:51] - Connecting . . .
[16/03/24 21:17:20] - Connected, you login as Bot Shin
[16/03/24 21:17:21] - Connecting . . .
[17/03/24 00:53:31] - Connected, you login as Bot Shin
[17/03/24 00:53:32] - Connecting . . .
[17/03/24 11:41:27] - Connected, you login as Bot Shin
[17/03/24 11:41:27] - Connecting . . .
[17/03/24 04:42:12] - Connected, you login as Bot Shin
[17/03/24 04:42:13] - Connecting . . .
[17/03/24 04:49:32] - Connected, you login as Bot Shin
[17/03/24 04:49:33] - Connecting . . .
[17/03/24 06:15:22] - Connected, you login as Bot Shin
[17/03/24 06:15:23] - Connecting . . .
[17/03/24 07:53:09] - Connected, you login as Bot Shin
[17/03/24 07:53:10] - Connecting . . .
[17/03/24 08:10:28] - Connected, you login as Bot Shin
[17/03/24 08:10:29] - Connecting . . .
[17/03/24 15:00:26] - Connected, you login as Bot Shin
[17/03/24 15:00:28] - Connecting . . .
[18/03/24 01:29:25] - Connected, you login as Bot Shin
[18/03/24 01:29:26] - Connecting . . .
[18/03/24 04:12:04] - Connection error. (Reason: 503)
[17/03/24 21:12:11] - Connected, you login as Bot Shin
[17/03/24 21:12:12] - Connecting . . .
[17/03/24 21:34:48] - Connected, you login as Bot Shin
[17/03/24 21:34:49] - Connecting . . .
[18/03/24 05:28:00] - Connection lost, reconnecting . . .
[18/03/24 05:29:26] - Connecting . . .
[18/03/24 05:29:27] - Connected, you login as Bot Shin
[18/03/24 06:45:56] - Connected, you login as Bot Shin
[18/03/24 06:45:57] - Connecting . . .
[18/03/24 02:58:13] - Connected, you login as Bot Shin
[18/03/24 02:58:14] - Connecting . . .
[18/03/24 05:34:57] - Connected, you login as Bot Shin
[18/03/24 05:34:58] - Connecting . . .
[18/03/24 05:37:03] - Connection lost, reconnecting . . .
[18/03/24 05:37:05] - Connecting . . .
[18/03/24 05:37:07] - Connected, you login as Bot Shin
[18/03/24 08:02:20] - Connected, you login as Bot Shin
[18/03/24 08:02:21] - Connecting . . .
[18/03/24 15:03:15] - Connected, you login as Bot Shin
[18/03/24 15:03:16] - Connecting . . .
[18/03/24 15:40:12] - Connected, you login as Bot Shin
[18/03/24 15:40:13] - Connecting . . .
[18/03/24 10:49:22] - Connected, you login as Bot Shin
[18/03/24 10:49:23] - Connecting . . .
[18/03/24 17:50:09] - Connecting . . .
[18/03/24 17:50:09] - Connected, you login as Bot Shin
[18/03/24 11:54:42] - Connected, you login as Bot Shin
[18/03/24 11:54:43] - Connecting . . .
[18/03/24 20:45:49] - Connected, you login as Bot Shin
[18/03/24 20:45:50] - Connecting . . .
[18/03/24 20:48:19] - Connecting . . .
[18/03/24 20:48:20] - Connected, you login as Bot Shin
[18/03/24 22:29:01] - Connection lost, reconnecting . . .
[18/03/24 15:29:10] - Connected, you login as Bot Shin
[18/03/24 15:29:10] - Connecting . . .
[18/03/24 16:40:19] - Connected, you login as Bot Shin
[18/03/24 16:40:20] - Connecting . . .
[18/03/24 19:22:48] - Connected, you login as Bot Shin
[18/03/24 19:22:49] - Connecting . . .
[18/03/24 20:14:25] - Connecting . . .
[18/03/24 20:14:27] - Connected, you login as Bot Shin
[18/03/24 20:14:59] - Connected, you login as Bot Shin
[18/03/24 20:14:59] - Connecting . . .
[19/03/24 04:21:56] - Connection error. (Reason: 503)
[18/03/24 21:22:03] - Connected, you login as Bot Shin
[18/03/24 21:22:03] - Connecting . . .
[19/03/24 04:34:41] - Connection lost, reconnecting . . .
[19/03/24 04:34:50] - Connected, you login as Bot Shin
[19/03/24 04:34:51] - Connecting . . .
[19/03/24 04:42:12] - Connection error. (Reason: 503)
[18/03/24 21:42:19] - Connected, you login as Bot Shin
[18/03/24 21:42:20] - Connecting . . .
[18/03/24 21:56:37] - Connected, you login as Bot Shin
[18/03/24 21:56:38] - Connecting . . .
[19/03/24 05:18:41] - Connected, you login as Bot Shin
[19/03/24 05:18:41] - Connecting . . .
[19/03/24 00:23:53] - Connected, you login as Bot Shin
[19/03/24 00:23:54] - Connecting . . .
[19/03/24 12:02:12] - Connecting . . .
[19/03/24 12:02:16] - Connected, you login as Bot Shin
